{"numFailedTestSuites":1,"numFailedTests":1,"numPassedTestSuites":0,"numPassedTests":1,"numPendingTestSuites":0,"numPendingTests":0,"numRuntimeErrorTestSuites":0,"numTodoTests":0,"numTotalTestSuites":1,"numTotalTests":2,"openHandles":[],"snapshot":{"added":0,"didUpdate":false,"failure":false,"filesAdded":0,"filesRemoved":0,"filesRemovedList":[],"filesUnmatched":0,"filesUpdated":0,"matched":0,"total":0,"unchecked":0,"uncheckedKeysByFile":[],"unmatched":0,"updated":0},"startTime":1753588353183,"success":false,"testResults":[{"assertionResults":[{"ancestorTitles":["handle_Get_ABAPTracesDetails"],"duration":171,"failureDetails":[],"failureMessages":[],"fullName":"handle_Get_ABAPTracesDetails should fetch and merge XML for user DEV00 with type=all","invocations":1,"location":null,"numPassingAsserts":8,"retryReasons":[],"status":"passed","title":"should fetch and merge XML for user DEV00 with type=all"},{"ancestorTitles":["handle_Get_ABAPTracesDetails"],"duration":81,"failureDetails":[{"matcherResult":{"actual":"object","expected":"string","message":"\u001b[2mexpect(\u001b[22m\u001b[31mreceived\u001b[39m\u001b[2m).\u001b[22mtoBe\u001b[2m(\u001b[22m\u001b[32mexpected\u001b[39m\u001b[2m) // Object.is equality\u001b[22m\n\nExpected: \u001b[32m\"string\"\u001b[39m\nReceived: \u001b[31m\"object\"\u001b[39m","name":"toBe","pass":false}}],"failureMessages":["Error: \u001b[2mexpect(\u001b[22m\u001b[31mreceived\u001b[39m\u001b[2m).\u001b[22mtoBe\u001b[2m(\u001b[22m\u001b[32mexpected\u001b[39m\u001b[2m) // Object.is equality\u001b[22m\n\nExpected: \u001b[32m\"string\"\u001b[39m\nReceived: \u001b[31m\"object\"\u001b[39m\n    at Object.<anonymous> (C:\\Users\\nothi\\OneDrive\\문서\\mcp-abap-adt\\tests\\handle_Get_ABAPTracesDetails.sabp_unit.test.ts:23:36)\n    at processTicksAndRejections (node:internal/process/task_queues:105:5)"],"fullName":"handle_Get_ABAPTracesDetails should fetch single XML for user DEV00 with type=dbAccesses","invocations":1,"location":null,"numPassingAsserts":3,"retryReasons":[],"status":"failed","title":"should fetch single XML for user DEV00 with type=dbAccesses"}],"endTime":1753588354096,"message":"\u001b[1m\u001b[31m  \u001b[1m● \u001b[22m\u001b[1mhandle_Get_ABAPTracesDetails › should fetch single XML for user DEV00 with type=dbAccesses\u001b[39m\u001b[22m\n\n    \u001b[2mexpect(\u001b[22m\u001b[31mreceived\u001b[39m\u001b[2m).\u001b[22mtoBe\u001b[2m(\u001b[22m\u001b[32mexpected\u001b[39m\u001b[2m) // Object.is equality\u001b[22m\n\n    Expected: \u001b[32m\"string\"\u001b[39m\n    Received: \u001b[31m\"object\"\u001b[39m\n\u001b[2m\u001b[22m\n\u001b[2m    \u001b[0m \u001b[90m 21 |\u001b[39m         expect(result\u001b[33m.\u001b[39misError)\u001b[33m.\u001b[39mtoBe(\u001b[36mfalse\u001b[39m)\u001b[33m;\u001b[39m\u001b[22m\n\u001b[2m     \u001b[90m 22 |\u001b[39m         expect(result\u001b[33m.\u001b[39mdata)\u001b[33m.\u001b[39mtoBeDefined()\u001b[33m;\u001b[39m\u001b[22m\n\u001b[2m    \u001b[31m\u001b[1m>\u001b[22m\u001b[2m\u001b[39m\u001b[90m 23 |\u001b[39m         expect(\u001b[36mtypeof\u001b[39m result\u001b[33m.\u001b[39mdata)\u001b[33m.\u001b[39mtoBe(\u001b[32m'string'\u001b[39m)\u001b[33m;\u001b[39m\u001b[22m\n\u001b[2m     \u001b[90m    |\u001b[39m                                    \u001b[31m\u001b[1m^\u001b[22m\u001b[2m\u001b[39m\u001b[22m\n\u001b[2m     \u001b[90m 24 |\u001b[39m         expect(result\u001b[33m.\u001b[39mdata\u001b[33m.\u001b[39mlength)\u001b[33m.\u001b[39mtoBeGreaterThan(\u001b[35m0\u001b[39m)\u001b[33m;\u001b[39m\u001b[22m\n\u001b[2m     \u001b[90m 25 |\u001b[39m     })\u001b[33m;\u001b[39m\u001b[22m\n\u001b[2m     \u001b[90m 26 |\u001b[39m })\u001b[33m;\u001b[39m\u001b[0m\u001b[22m\n\u001b[2m\u001b[22m\n\u001b[2m      \u001b[2mat Object.<anonymous> (\u001b[22m\u001b[2m\u001b[0m\u001b[36mtests/handle_Get_ABAPTracesDetails.sabp_unit.test.ts\u001b[39m\u001b[0m\u001b[2m:23:36)\u001b[22m\u001b[2m\u001b[22m\n","name":"C:\\Users\\nothi\\OneDrive\\문서\\mcp-abap-adt\\tests\\handle_Get_ABAPTracesDetails.sabp_unit.test.ts","startTime":1753588353412,"status":"failed","summary":""}],"wasInterrupted":false}
